GAS LISTING /tmp/cc2KRXwZ.s 			page 1


   1              		.file	"_new.cpp"
   2              		.option pic
   3              		.option norelax
   4              		.text
   5              	.Ltext0:
   6              		.align	2
   7              		.globl	_Znwm
   9              	_Znwm:
  10              	.LFB0:
  11              		.file 1 "src/_new.cpp"
   1:src/_new.cpp  **** //
   2:src/_new.cpp  **** // Created by os on 6/18/22.
   3:src/_new.cpp  **** //
   4:src/_new.cpp  **** 
   5:src/_new.cpp  **** #include "../lib/hw.h"
   6:src/_new.cpp  **** 
   7:src/_new.cpp  **** 
   8:src/_new.cpp  **** extern void* mem_alloc(size_t n);
   9:src/_new.cpp  **** extern void mem_free(void* p);
  10:src/_new.cpp  **** 
  11:src/_new.cpp  **** using size_t = decltype(sizeof(0));
  12:src/_new.cpp  **** 
  13:src/_new.cpp  **** 
  14:src/_new.cpp  **** void* operator new(size_t n){
  12              		.loc 1 14 29
  13              		.cfi_startproc
  14              	.LVL0:
  15 0000 130101FF 		addi	sp,sp,-16
  16              		.cfi_def_cfa_offset 16
  17 0004 23341100 		sd	ra,8(sp)
  18 0008 23308100 		sd	s0,0(sp)
  19              		.cfi_offset 1, -8
  20              		.cfi_offset 8, -16
  21 000c 13040101 		addi	s0,sp,16
  22              		.cfi_def_cfa 8, 0
  15:src/_new.cpp  ****     return mem_alloc(n);
  23              		.loc 1 15 5
  24              		.loc 1 15 21 is_stmt 0
  25 0010 97000000 		call	_Z9mem_allocm@plt
  25      E7800000 
  26              	.LVL1:
  16:src/_new.cpp  **** }
  27              		.loc 1 16 1
  28 0018 83308100 		ld	ra,8(sp)
  29              		.cfi_restore 1
  30 001c 03340100 		ld	s0,0(sp)
  31              		.cfi_restore 8
  32              		.cfi_def_cfa 2, 16
  33 0020 13010101 		addi	sp,sp,16
  34              		.cfi_def_cfa_offset 0
  35 0024 67800000 		jr	ra
  36              		.cfi_endproc
  37              	.LFE0:
  39              		.align	2
  40              		.globl	_Znam
  42              	_Znam:
  43              	.LFB1:
GAS LISTING /tmp/cc2KRXwZ.s 			page 2


  17:src/_new.cpp  **** 
  18:src/_new.cpp  **** void* operator new[](size_t n){
  44              		.loc 1 18 31 is_stmt 1
  45              		.cfi_startproc
  46              	.LVL2:
  47 0028 130101FF 		addi	sp,sp,-16
  48              		.cfi_def_cfa_offset 16
  49 002c 23341100 		sd	ra,8(sp)
  50 0030 23308100 		sd	s0,0(sp)
  51              		.cfi_offset 1, -8
  52              		.cfi_offset 8, -16
  53 0034 13040101 		addi	s0,sp,16
  54              		.cfi_def_cfa 8, 0
  19:src/_new.cpp  ****     return mem_alloc(n);
  55              		.loc 1 19 5
  56              		.loc 1 19 21 is_stmt 0
  57 0038 97000000 		call	_Z9mem_allocm@plt
  57      E7800000 
  58              	.LVL3:
  20:src/_new.cpp  **** }
  59              		.loc 1 20 1
  60 0040 83308100 		ld	ra,8(sp)
  61              		.cfi_restore 1
  62 0044 03340100 		ld	s0,0(sp)
  63              		.cfi_restore 8
  64              		.cfi_def_cfa 2, 16
  65 0048 13010101 		addi	sp,sp,16
  66              		.cfi_def_cfa_offset 0
  67 004c 67800000 		jr	ra
  68              		.cfi_endproc
  69              	.LFE1:
  71              		.align	2
  72              		.globl	_ZdlPv
  74              	_ZdlPv:
  75              	.LFB2:
  21:src/_new.cpp  **** 
  22:src/_new.cpp  **** void operator delete(void* p) noexcept{
  76              		.loc 1 22 39 is_stmt 1
  77              		.cfi_startproc
  78              		.cfi_personality 0x9b,DW.ref.__gxx_personality_v0
  79              		.cfi_lsda 0x1b,.LLSDA2
  80              	.LVL4:
  81 0050 130101FF 		addi	sp,sp,-16
  82              		.cfi_def_cfa_offset 16
  83 0054 23341100 		sd	ra,8(sp)
  84 0058 23308100 		sd	s0,0(sp)
  85              		.cfi_offset 1, -8
  86              		.cfi_offset 8, -16
  87 005c 13040101 		addi	s0,sp,16
  88              		.cfi_def_cfa 8, 0
  23:src/_new.cpp  ****     mem_free(p);
  89              		.loc 1 23 5
  90              		.loc 1 23 13 is_stmt 0
  91 0060 97000000 		call	_Z8mem_freePv@plt
  91      E7800000 
  92              	.LVL5:
  24:src/_new.cpp  **** }
GAS LISTING /tmp/cc2KRXwZ.s 			page 3


  93              		.loc 1 24 1
  94 0068 83308100 		ld	ra,8(sp)
  95              		.cfi_restore 1
  96 006c 03340100 		ld	s0,0(sp)
  97              		.cfi_restore 8
  98              		.cfi_def_cfa 2, 16
  99 0070 13010101 		addi	sp,sp,16
 100              		.cfi_def_cfa_offset 0
 101 0074 67800000 		jr	ra
 102              		.cfi_endproc
 103              	.LFE2:
 104              		.globl	__gxx_personality_v0
 105              		.section	.gcc_except_table,"a",@progbits
 106              	.LLSDA2:
 107 0000 FF       		.byte	0xff
 108 0001 FF       		.byte	0xff
 109 0002 03       		.byte	0x3
 110 0003 00       		.byte	0
 111              		.text
 113              		.align	2
 114              		.globl	_ZdaPv
 116              	_ZdaPv:
 117              	.LFB3:
  25:src/_new.cpp  **** 
  26:src/_new.cpp  **** void operator delete[] (void* p)noexcept{
 118              		.loc 1 26 41 is_stmt 1
 119              		.cfi_startproc
 120              		.cfi_personality 0x9b,DW.ref.__gxx_personality_v0
 121              		.cfi_lsda 0x1b,.LLSDA3
 122              	.LVL6:
 123 0078 130101FF 		addi	sp,sp,-16
 124              		.cfi_def_cfa_offset 16
 125 007c 23341100 		sd	ra,8(sp)
 126 0080 23308100 		sd	s0,0(sp)
 127              		.cfi_offset 1, -8
 128              		.cfi_offset 8, -16
 129 0084 13040101 		addi	s0,sp,16
 130              		.cfi_def_cfa 8, 0
  27:src/_new.cpp  ****     mem_free(p);
 131              		.loc 1 27 5
 132              		.loc 1 27 13 is_stmt 0
 133 0088 97000000 		call	_Z8mem_freePv@plt
 133      E7800000 
 134              	.LVL7:
  28:src/_new.cpp  **** 
  29:src/_new.cpp  **** }
 135              		.loc 1 29 1
 136 0090 83308100 		ld	ra,8(sp)
 137              		.cfi_restore 1
 138 0094 03340100 		ld	s0,0(sp)
 139              		.cfi_restore 8
 140              		.cfi_def_cfa 2, 16
 141 0098 13010101 		addi	sp,sp,16
 142              		.cfi_def_cfa_offset 0
 143 009c 67800000 		jr	ra
 144              		.cfi_endproc
 145              	.LFE3:
GAS LISTING /tmp/cc2KRXwZ.s 			page 4


 146              		.section	.gcc_except_table
 147              	.LLSDA3:
 148 0004 FF       		.byte	0xff
 149 0005 FF       		.byte	0xff
 150 0006 03       		.byte	0x3
 151 0007 00       		.byte	0
 152              		.text
 154              	.Letext0:
 155              		.file 2 "src/../lib/hw.h"
 794              		.align	3
 797              	DW.ref.__gxx_personality_v0:
 798 0000 00000000 		.dword	__gxx_personality_v0
 798      00000000 
 799              		.ident	"GCC: (Ubuntu 9.4.0-1ubuntu1~20.04) 9.4.0"
 800              		.section	.note.GNU-stack,"",@progbits
GAS LISTING /tmp/cc2KRXwZ.s 			page 5


DEFINED SYMBOLS
                            *ABS*:0000000000000000 _new.cpp
     /tmp/cc2KRXwZ.s:9      .text:0000000000000000 _Znwm
     /tmp/cc2KRXwZ.s:13     .text:0000000000000000 .L0 
     /tmp/cc2KRXwZ.s:15     .text:0000000000000000 .L0 
     /tmp/cc2KRXwZ.s:16     .text:0000000000000004 .L0 
     /tmp/cc2KRXwZ.s:19     .text:000000000000000c .L0 
     /tmp/cc2KRXwZ.s:20     .text:000000000000000c .L0 
     /tmp/cc2KRXwZ.s:22     .text:0000000000000010 .L0 
     /tmp/cc2KRXwZ.s:24     .text:0000000000000010 .L0 
     /tmp/cc2KRXwZ.s:25     .text:0000000000000010 .L0 
     /tmp/cc2KRXwZ.s:28     .text:0000000000000018 .L0 
     /tmp/cc2KRXwZ.s:29     .text:000000000000001c .L0 
     /tmp/cc2KRXwZ.s:31     .text:0000000000000020 .L0 
     /tmp/cc2KRXwZ.s:32     .text:0000000000000020 .L0 
     /tmp/cc2KRXwZ.s:34     .text:0000000000000024 .L0 
     /tmp/cc2KRXwZ.s:36     .text:0000000000000028 .L0 
     /tmp/cc2KRXwZ.s:42     .text:0000000000000028 _Znam
     /tmp/cc2KRXwZ.s:45     .text:0000000000000028 .L0 
     /tmp/cc2KRXwZ.s:47     .text:0000000000000028 .L0 
     /tmp/cc2KRXwZ.s:48     .text:000000000000002c .L0 
     /tmp/cc2KRXwZ.s:51     .text:0000000000000034 .L0 
     /tmp/cc2KRXwZ.s:52     .text:0000000000000034 .L0 
     /tmp/cc2KRXwZ.s:54     .text:0000000000000038 .L0 
     /tmp/cc2KRXwZ.s:56     .text:0000000000000038 .L0 
     /tmp/cc2KRXwZ.s:57     .text:0000000000000038 .L0 
     /tmp/cc2KRXwZ.s:60     .text:0000000000000040 .L0 
     /tmp/cc2KRXwZ.s:61     .text:0000000000000044 .L0 
     /tmp/cc2KRXwZ.s:63     .text:0000000000000048 .L0 
     /tmp/cc2KRXwZ.s:64     .text:0000000000000048 .L0 
     /tmp/cc2KRXwZ.s:66     .text:000000000000004c .L0 
     /tmp/cc2KRXwZ.s:68     .text:0000000000000050 .L0 
     /tmp/cc2KRXwZ.s:74     .text:0000000000000050 _ZdlPv
     /tmp/cc2KRXwZ.s:77     .text:0000000000000050 .L0 
     /tmp/cc2KRXwZ.s:797    .data.rel.local.DW.ref.__gxx_personality_v0:0000000000000000 DW.ref.__gxx_personality_v0
     /tmp/cc2KRXwZ.s:81     .text:0000000000000050 .L0 
     /tmp/cc2KRXwZ.s:82     .text:0000000000000054 .L0 
     /tmp/cc2KRXwZ.s:85     .text:000000000000005c .L0 
     /tmp/cc2KRXwZ.s:86     .text:000000000000005c .L0 
     /tmp/cc2KRXwZ.s:88     .text:0000000000000060 .L0 
     /tmp/cc2KRXwZ.s:90     .text:0000000000000060 .L0 
     /tmp/cc2KRXwZ.s:91     .text:0000000000000060 .L0 
     /tmp/cc2KRXwZ.s:94     .text:0000000000000068 .L0 
     /tmp/cc2KRXwZ.s:95     .text:000000000000006c .L0 
     /tmp/cc2KRXwZ.s:97     .text:0000000000000070 .L0 
     /tmp/cc2KRXwZ.s:98     .text:0000000000000070 .L0 
     /tmp/cc2KRXwZ.s:100    .text:0000000000000074 .L0 
     /tmp/cc2KRXwZ.s:102    .text:0000000000000078 .L0 
     /tmp/cc2KRXwZ.s:116    .text:0000000000000078 _ZdaPv
     /tmp/cc2KRXwZ.s:119    .text:0000000000000078 .L0 
     /tmp/cc2KRXwZ.s:123    .text:0000000000000078 .L0 
     /tmp/cc2KRXwZ.s:124    .text:000000000000007c .L0 
     /tmp/cc2KRXwZ.s:127    .text:0000000000000084 .L0 
     /tmp/cc2KRXwZ.s:128    .text:0000000000000084 .L0 
     /tmp/cc2KRXwZ.s:130    .text:0000000000000088 .L0 
     /tmp/cc2KRXwZ.s:132    .text:0000000000000088 .L0 
     /tmp/cc2KRXwZ.s:133    .text:0000000000000088 .L0 
GAS LISTING /tmp/cc2KRXwZ.s 			page 6


     /tmp/cc2KRXwZ.s:136    .text:0000000000000090 .L0 
     /tmp/cc2KRXwZ.s:137    .text:0000000000000094 .L0 
     /tmp/cc2KRXwZ.s:139    .text:0000000000000098 .L0 
     /tmp/cc2KRXwZ.s:140    .text:0000000000000098 .L0 
     /tmp/cc2KRXwZ.s:142    .text:000000000000009c .L0 
     /tmp/cc2KRXwZ.s:144    .text:00000000000000a0 .L0 
     /tmp/cc2KRXwZ.s:156    .text:00000000000000a0 .L0 
     /tmp/cc2KRXwZ.s:416    .debug_abbrev:0000000000000000 .Ldebug_abbrev0
     /tmp/cc2KRXwZ.s:775    .debug_str:0000000000000152 .LASF29
     /tmp/cc2KRXwZ.s:789    .debug_str:0000000000000285 .LASF30
     /tmp/cc2KRXwZ.s:779    .debug_str:0000000000000225 .LASF31
     /tmp/cc2KRXwZ.s:5      .text:0000000000000000 .Ltext0
     /tmp/cc2KRXwZ.s:154    .text:00000000000000a0 .Letext0
     /tmp/cc2KRXwZ.s:725    .debug_line:0000000000000000 .Ldebug_line0
     /tmp/cc2KRXwZ.s:729    .debug_str:0000000000000010 .LASF0
     /tmp/cc2KRXwZ.s:773    .debug_str:000000000000013f .LASF1
     /tmp/cc2KRXwZ.s:751    .debug_str:00000000000000a0 .LASF2
     /tmp/cc2KRXwZ.s:745    .debug_str:000000000000007d .LASF4
     /tmp/cc2KRXwZ.s:741    .debug_str:0000000000000058 .LASF3
     /tmp/cc2KRXwZ.s:735    .debug_str:000000000000003a .LASF5
     /tmp/cc2KRXwZ.s:743    .debug_str:000000000000006a .LASF6
     /tmp/cc2KRXwZ.s:771    .debug_str:000000000000012c .LASF7
     /tmp/cc2KRXwZ.s:783    .debug_str:000000000000025b .LASF8
     /tmp/cc2KRXwZ.s:731    .debug_str:000000000000001d .LASF9
     /tmp/cc2KRXwZ.s:733    .debug_str:000000000000002b .LASF10
     /tmp/cc2KRXwZ.s:777    .debug_str:0000000000000216 .LASF11
     /tmp/cc2KRXwZ.s:737    .debug_str:0000000000000041 .LASF12
     /tmp/cc2KRXwZ.s:787    .debug_str:0000000000000275 .LASF13
     /tmp/cc2KRXwZ.s:749    .debug_str:0000000000000094 .LASF14
     /tmp/cc2KRXwZ.s:765    .debug_str:0000000000000102 .LASF15
     /tmp/cc2KRXwZ.s:757    .debug_str:00000000000000ca .LASF16
     /tmp/cc2KRXwZ.s:755    .debug_str:00000000000000b7 .LASF17
     /tmp/cc2KRXwZ.s:763    .debug_str:00000000000000fb .LASF19
     /tmp/cc2KRXwZ.s:117    .text:0000000000000078 .LFB3
     /tmp/cc2KRXwZ.s:145    .text:00000000000000a0 .LFE3
     /tmp/cc2KRXwZ.s:656    .debug_loc:0000000000000000 .LLST3
     /tmp/cc2KRXwZ.s:134    .text:0000000000000090 .LVL7
     /tmp/cc2KRXwZ.s:747    .debug_str:0000000000000084 .LASF18
     /tmp/cc2KRXwZ.s:739    .debug_str:0000000000000051 .LASF20
     /tmp/cc2KRXwZ.s:75     .text:0000000000000050 .LFB2
     /tmp/cc2KRXwZ.s:103    .text:0000000000000078 .LFE2
     /tmp/cc2KRXwZ.s:670    .debug_loc:0000000000000039 .LLST2
     /tmp/cc2KRXwZ.s:92     .text:0000000000000068 .LVL5
     /tmp/cc2KRXwZ.s:727    .debug_str:0000000000000000 .LASF21
     /tmp/cc2KRXwZ.s:767    .debug_str:0000000000000118 .LASF23
     /tmp/cc2KRXwZ.s:43     .text:0000000000000028 .LFB1
     /tmp/cc2KRXwZ.s:69     .text:0000000000000050 .LFE1
     /tmp/cc2KRXwZ.s:684    .debug_loc:0000000000000072 .LLST1
     /tmp/cc2KRXwZ.s:58     .text:0000000000000040 .LVL3
     /tmp/cc2KRXwZ.s:759    .debug_str:00000000000000e0 .LASF22
     /tmp/cc2KRXwZ.s:781    .debug_str:0000000000000255 .LASF24
     /tmp/cc2KRXwZ.s:10     .text:0000000000000000 .LFB0
     /tmp/cc2KRXwZ.s:37     .text:0000000000000028 .LFE0
     /tmp/cc2KRXwZ.s:698    .debug_loc:00000000000000ab .LLST0
     /tmp/cc2KRXwZ.s:26     .text:0000000000000018 .LVL1
     /tmp/cc2KRXwZ.s:761    .debug_str:00000000000000ed .LASF25
     /tmp/cc2KRXwZ.s:753    .debug_str:00000000000000ae .LASF27
GAS LISTING /tmp/cc2KRXwZ.s 			page 7


     /tmp/cc2KRXwZ.s:769    .debug_str:000000000000011e .LASF26
     /tmp/cc2KRXwZ.s:785    .debug_str:000000000000026b .LASF28
     /tmp/cc2KRXwZ.s:122    .text:0000000000000078 .LVL6
     /tmp/cc2KRXwZ.s:80     .text:0000000000000050 .LVL4
     /tmp/cc2KRXwZ.s:46     .text:0000000000000028 .LVL2
     /tmp/cc2KRXwZ.s:14     .text:0000000000000000 .LVL0
     /tmp/cc2KRXwZ.s:157    .debug_info:0000000000000000 .Ldebug_info0
     /tmp/cc2KRXwZ.s:106    .gcc_except_table:0000000000000000 .LLSDA2
     /tmp/cc2KRXwZ.s:147    .gcc_except_table:0000000000000004 .LLSDA3

UNDEFINED SYMBOLS
_Z9mem_allocm
_Z8mem_freePv
__gxx_personality_v0
