GAS LISTING /tmp/ccMECSrF.s 			page 1


   1              		.file	"Print.cpp"
   2              		.option pic
   3              		.option norelax
   4              		.text
   5              	.Ltext0:
   6              		.align	2
   7              		.globl	_Z11printStringPKc
   9              	_Z11printStringPKc:
  10              	.LFB16:
  11              		.file 1 "src/Print.cpp"
   1:src/Print.cpp **** //
   2:src/Print.cpp **** // Created by os on 6/21/22.
   3:src/Print.cpp **** //
   4:src/Print.cpp **** 
   5:src/Print.cpp **** 
   6:src/Print.cpp **** #include "../h/Print.hpp"
   7:src/Print.cpp **** #include "../h/Riscv.hpp"
   8:src/Print.cpp **** #include "../lib/console.h"
   9:src/Print.cpp **** 
  10:src/Print.cpp **** void printString(char const *string)
  11:src/Print.cpp **** {
  12              		.loc 1 11 1
  13              		.cfi_startproc
  14              	.LVL0:
  15 0000 130101FD 		addi	sp,sp,-48
  16              		.cfi_def_cfa_offset 48
  17 0004 23341102 		sd	ra,40(sp)
  18 0008 23308102 		sd	s0,32(sp)
  19 000c 233C9100 		sd	s1,24(sp)
  20 0010 23382101 		sd	s2,16(sp)
  21              		.cfi_offset 1, -8
  22              		.cfi_offset 8, -16
  23              		.cfi_offset 9, -24
  24              		.cfi_offset 18, -32
  25 0014 13040103 		addi	s0,sp,48
  26              		.cfi_def_cfa 8, 0
  27 0018 93040500 		mv	s1,a0
  12:src/Print.cpp ****     uint64 sstatus = Riscv::r_sstatus();    //cuvamo prethodni status za prekide
  28              		.loc 1 12 5
  29              	.LBB14:
  30              	.LBB15:
  31              		.file 2 "src/../h/Riscv.hpp"
   1:src/../h/Riscv.hpp **** //
   2:src/../h/Riscv.hpp **** // Created by os on 6/17/22.
   3:src/../h/Riscv.hpp **** //
   4:src/../h/Riscv.hpp **** 
   5:src/../h/Riscv.hpp **** #ifndef PROJECT_BASE_V1_1_RISCV_HPP
   6:src/../h/Riscv.hpp **** #define PROJECT_BASE_V1_1_RISCV_HPP
   7:src/../h/Riscv.hpp **** 
   8:src/../h/Riscv.hpp **** #include "../lib/hw.h"
   9:src/../h/Riscv.hpp **** 
  10:src/../h/Riscv.hpp **** 
  11:src/../h/Riscv.hpp **** class Riscv
  12:src/../h/Riscv.hpp **** {
  13:src/../h/Riscv.hpp **** public:
  14:src/../h/Riscv.hpp **** 
  15:src/../h/Riscv.hpp ****     // pop sstatus.spp and sstatus.spie bits (has to be a non inline function)
GAS LISTING /tmp/ccMECSrF.s 			page 2


  16:src/../h/Riscv.hpp ****     static void popSppSpie();
  17:src/../h/Riscv.hpp **** 
  18:src/../h/Riscv.hpp ****     // read register scause
  19:src/../h/Riscv.hpp ****     static uint64 r_scause();
  20:src/../h/Riscv.hpp **** 
  21:src/../h/Riscv.hpp ****     // write register scause
  22:src/../h/Riscv.hpp ****     static void w_scause(uint64 scause);
  23:src/../h/Riscv.hpp **** 
  24:src/../h/Riscv.hpp ****     // read register sepc
  25:src/../h/Riscv.hpp ****     static uint64 r_sepc();
  26:src/../h/Riscv.hpp **** 
  27:src/../h/Riscv.hpp ****     // write register sepc
  28:src/../h/Riscv.hpp ****     static void w_sepc(uint64 sepc);
  29:src/../h/Riscv.hpp **** 
  30:src/../h/Riscv.hpp ****     // read register stvec
  31:src/../h/Riscv.hpp ****     static uint64 r_stvec();
  32:src/../h/Riscv.hpp **** 
  33:src/../h/Riscv.hpp ****     // write register stvec
  34:src/../h/Riscv.hpp ****     static void w_stvec(uint64 stvec);
  35:src/../h/Riscv.hpp **** 
  36:src/../h/Riscv.hpp ****     // read register stval
  37:src/../h/Riscv.hpp ****     static uint64 r_stval();
  38:src/../h/Riscv.hpp **** 
  39:src/../h/Riscv.hpp ****     // write register stval
  40:src/../h/Riscv.hpp ****     static void w_stval(uint64 stval);
  41:src/../h/Riscv.hpp **** 
  42:src/../h/Riscv.hpp ****     enum BitMaskSip
  43:src/../h/Riscv.hpp ****     {
  44:src/../h/Riscv.hpp ****         SIP_SSIP = (1 << 1),
  45:src/../h/Riscv.hpp ****         SIP_STIP = (1 << 5),
  46:src/../h/Riscv.hpp ****         SIP_SEIP = (1 << 9),
  47:src/../h/Riscv.hpp ****     };
  48:src/../h/Riscv.hpp **** 
  49:src/../h/Riscv.hpp ****     // mask set register sip
  50:src/../h/Riscv.hpp ****     static void ms_sip(uint64 mask);
  51:src/../h/Riscv.hpp **** 
  52:src/../h/Riscv.hpp ****     // mask clear register sip
  53:src/../h/Riscv.hpp ****     static void mc_sip(uint64 mask);
  54:src/../h/Riscv.hpp **** 
  55:src/../h/Riscv.hpp ****     // read register sip
  56:src/../h/Riscv.hpp ****     static uint64 r_sip();
  57:src/../h/Riscv.hpp **** 
  58:src/../h/Riscv.hpp ****     // write register sip
  59:src/../h/Riscv.hpp ****     static void w_sip(uint64 sip);
  60:src/../h/Riscv.hpp **** 
  61:src/../h/Riscv.hpp ****     enum BitMaskSstatus
  62:src/../h/Riscv.hpp ****     {
  63:src/../h/Riscv.hpp ****         SSTATUS_SIE = (1 << 1),
  64:src/../h/Riscv.hpp ****         SSTATUS_SPIE = (1 << 5),
  65:src/../h/Riscv.hpp ****         SSTATUS_SPP = (1 << 8),
  66:src/../h/Riscv.hpp ****     };
  67:src/../h/Riscv.hpp **** 
  68:src/../h/Riscv.hpp ****     // mask set register sstatus
  69:src/../h/Riscv.hpp ****     static void ms_sstatus(uint64 mask);
  70:src/../h/Riscv.hpp **** 
  71:src/../h/Riscv.hpp ****     // mask clear register sstatus
  72:src/../h/Riscv.hpp ****     static void mc_sstatus(uint64 mask);
GAS LISTING /tmp/ccMECSrF.s 			page 3


  73:src/../h/Riscv.hpp **** 
  74:src/../h/Riscv.hpp ****     // read register sstatus
  75:src/../h/Riscv.hpp ****     static uint64 r_sstatus();
  76:src/../h/Riscv.hpp **** 
  77:src/../h/Riscv.hpp ****     // write register sstatus
  78:src/../h/Riscv.hpp ****     static void w_sstatus(uint64 sstatus);
  79:src/../h/Riscv.hpp **** 
  80:src/../h/Riscv.hpp ****     // supervisor trap
  81:src/../h/Riscv.hpp ****     static void supervisorTrap();
  82:src/../h/Riscv.hpp **** 
  83:src/../h/Riscv.hpp **** private:
  84:src/../h/Riscv.hpp **** 
  85:src/../h/Riscv.hpp ****     // supervisor trap handler
  86:src/../h/Riscv.hpp ****     static void handleSupervisorTrap();
  87:src/../h/Riscv.hpp **** 
  88:src/../h/Riscv.hpp **** //    static void syscallHandler();
  89:src/../h/Riscv.hpp **** 
  90:src/../h/Riscv.hpp **** };
  91:src/../h/Riscv.hpp **** 
  92:src/../h/Riscv.hpp **** inline uint64 Riscv::r_scause()
  93:src/../h/Riscv.hpp **** {
  94:src/../h/Riscv.hpp ****     uint64 volatile scause;
  95:src/../h/Riscv.hpp ****     __asm__ volatile ("csrr %[scause], scause" : [scause] "=r"(scause));
  96:src/../h/Riscv.hpp ****     return scause;
  97:src/../h/Riscv.hpp **** }
  98:src/../h/Riscv.hpp **** 
  99:src/../h/Riscv.hpp **** inline void Riscv::w_scause(uint64 scause)
 100:src/../h/Riscv.hpp **** {
 101:src/../h/Riscv.hpp ****     __asm__ volatile ("csrw scause, %[scause]" : : [scause] "r"(scause));
 102:src/../h/Riscv.hpp **** }
 103:src/../h/Riscv.hpp **** 
 104:src/../h/Riscv.hpp **** inline uint64 Riscv::r_sepc()
 105:src/../h/Riscv.hpp **** {
 106:src/../h/Riscv.hpp ****     uint64 volatile sepc;
 107:src/../h/Riscv.hpp ****     __asm__ volatile ("csrr %[sepc], sepc" : [sepc] "=r"(sepc));
 108:src/../h/Riscv.hpp ****     return sepc;
 109:src/../h/Riscv.hpp **** }
 110:src/../h/Riscv.hpp **** 
 111:src/../h/Riscv.hpp **** inline void Riscv::w_sepc(uint64 sepc)
 112:src/../h/Riscv.hpp **** {
 113:src/../h/Riscv.hpp ****     __asm__ volatile ("csrw sepc, %[sepc]" : : [sepc] "r"(sepc));
 114:src/../h/Riscv.hpp **** }
 115:src/../h/Riscv.hpp **** 
 116:src/../h/Riscv.hpp **** inline uint64 Riscv::r_stvec()
 117:src/../h/Riscv.hpp **** {
 118:src/../h/Riscv.hpp ****     uint64 volatile stvec;
 119:src/../h/Riscv.hpp ****     __asm__ volatile ("csrr %[stvec], stvec" : [stvec] "=r"(stvec));
 120:src/../h/Riscv.hpp ****     return stvec;
 121:src/../h/Riscv.hpp **** }
 122:src/../h/Riscv.hpp **** 
 123:src/../h/Riscv.hpp **** inline void Riscv::w_stvec(uint64 stvec)
 124:src/../h/Riscv.hpp **** {
 125:src/../h/Riscv.hpp ****     __asm__ volatile ("csrw stvec, %[stvec]" : : [stvec] "r"(stvec));
 126:src/../h/Riscv.hpp **** }
 127:src/../h/Riscv.hpp **** 
 128:src/../h/Riscv.hpp **** inline uint64 Riscv::r_stval()
 129:src/../h/Riscv.hpp **** {
GAS LISTING /tmp/ccMECSrF.s 			page 4


 130:src/../h/Riscv.hpp ****     uint64 volatile stval;
 131:src/../h/Riscv.hpp ****     __asm__ volatile ("csrr %[stval], stval" : [stval] "=r"(stval));
 132:src/../h/Riscv.hpp ****     return stval;
 133:src/../h/Riscv.hpp **** }
 134:src/../h/Riscv.hpp **** 
 135:src/../h/Riscv.hpp **** inline void Riscv::w_stval(uint64 stval)
 136:src/../h/Riscv.hpp **** {
 137:src/../h/Riscv.hpp ****     __asm__ volatile ("csrw stval, %[stval]" : : [stval] "r"(stval));
 138:src/../h/Riscv.hpp **** }
 139:src/../h/Riscv.hpp **** 
 140:src/../h/Riscv.hpp **** inline void Riscv::ms_sip(uint64 mask)
 141:src/../h/Riscv.hpp **** {
 142:src/../h/Riscv.hpp ****     __asm__ volatile ("csrs sip, %[mask]" : : [mask] "r"(mask));
 143:src/../h/Riscv.hpp **** }
 144:src/../h/Riscv.hpp **** 
 145:src/../h/Riscv.hpp **** inline void Riscv::mc_sip(uint64 mask)
 146:src/../h/Riscv.hpp **** {
 147:src/../h/Riscv.hpp ****     __asm__ volatile ("csrc sip, %[mask]" : : [mask] "r"(mask));
 148:src/../h/Riscv.hpp **** }
 149:src/../h/Riscv.hpp **** 
 150:src/../h/Riscv.hpp **** inline uint64 Riscv::r_sip()
 151:src/../h/Riscv.hpp **** {
 152:src/../h/Riscv.hpp ****     uint64 volatile sip;
 153:src/../h/Riscv.hpp ****     __asm__ volatile ("csrr %[sip], sip" : [sip] "=r"(sip));
 154:src/../h/Riscv.hpp ****     return sip;
 155:src/../h/Riscv.hpp **** }
 156:src/../h/Riscv.hpp **** 
 157:src/../h/Riscv.hpp **** inline void Riscv::w_sip(uint64 sip)
 158:src/../h/Riscv.hpp **** {
 159:src/../h/Riscv.hpp ****     __asm__ volatile ("csrw sip, %[sip]" : : [sip] "r"(sip));
 160:src/../h/Riscv.hpp **** }
 161:src/../h/Riscv.hpp **** 
 162:src/../h/Riscv.hpp **** //mask set
 163:src/../h/Riscv.hpp **** inline void Riscv::ms_sstatus(uint64 mask)
 164:src/../h/Riscv.hpp **** {
 165:src/../h/Riscv.hpp ****     __asm__ volatile ("csrs sstatus, %[mask]" : : [mask] "r"(mask));
 166:src/../h/Riscv.hpp **** }
 167:src/../h/Riscv.hpp **** 
 168:src/../h/Riscv.hpp **** //mask clear
 169:src/../h/Riscv.hpp **** inline void Riscv::mc_sstatus(uint64 mask)
 170:src/../h/Riscv.hpp **** {
 171:src/../h/Riscv.hpp ****     __asm__ volatile ("csrc sstatus, %[mask]" : : [mask] "r"(mask));
 172:src/../h/Riscv.hpp **** }
 173:src/../h/Riscv.hpp **** 
 174:src/../h/Riscv.hpp **** inline uint64 Riscv::r_sstatus()
 175:src/../h/Riscv.hpp **** {
 176:src/../h/Riscv.hpp ****     uint64 volatile sstatus;
  32              		.loc 2 176 5
 177:src/../h/Riscv.hpp ****     __asm__ volatile ("csrr %[sstatus], sstatus" : [sstatus] "=r"(sstatus));
  33              		.loc 2 177 5
  34              		.loc 2 177 76 is_stmt 0
  35              	#APP
  36              	# 177 "src/../h/Riscv.hpp" 1
 178              	    return sstatus;
  37              		csrr a5, sstatus
  38              	# 0 "" 2
  39              	#NO_APP
GAS LISTING /tmp/ccMECSrF.s 			page 5


  40 0020 233CF4FC 		sd	a5,-40(s0)
  41              		.loc 2 178 5 is_stmt 1
  42              		.loc 2 178 12 is_stmt 0
  43 0024 033984FD 		ld	s2,-40(s0)
  44              	.LVL1:
  45              	.LBE15:
  46              	.LBE14:
  13:src/Print.cpp ****     Riscv::mc_sstatus(Riscv::SSTATUS_SIE);  //zabranjujemo prekide
  47              		.loc 1 13 5 is_stmt 1
  48              	.LBB16:
  49              	.LBB17:
 171:src/../h/Riscv.hpp **** }
  50              		.loc 2 171 5
 171:src/../h/Riscv.hpp **** }
  51              		.loc 2 171 68 is_stmt 0
  52 0028 93072000 		li	a5,2
  53              	#APP
  54              	# 171 "src/../h/Riscv.hpp" 1
  55              		csrc sstatus, a5
  56              	# 0 "" 2
  57              	.LVL2:
  58              	#NO_APP
  59              	.L3:
  60              	.LBE17:
  61              	.LBE16:
  14:src/Print.cpp ****     while (*string != '\0')
  62              		.loc 1 14 5 is_stmt 1
  63              		.loc 1 14 20
  64              		.loc 1 14 12 is_stmt 0
  65 0030 03C50400 		lbu	a0,0(s1)
  66              		.loc 1 14 20
  67 0034 630A0500 		beqz	a0,.L2
  15:src/Print.cpp ****     {
  16:src/Print.cpp ****         __putc(*string);
  68              		.loc 1 16 9 is_stmt 1
  69              		.loc 1 16 15 is_stmt 0
  70 0038 97000000 		call	__putc@plt
  70      E7800000 
  71              	.LVL3:
  17:src/Print.cpp ****         string++;
  72              		.loc 1 17 9 is_stmt 1
  73              		.loc 1 17 15 is_stmt 0
  74 0040 93841400 		addi	s1,s1,1
  75              	.LVL4:
  14:src/Print.cpp ****     while (*string != '\0')
  76              		.loc 1 14 5
  77 0044 6FF0DFFE 		j	.L3
  78              	.L2:
  18:src/Print.cpp ****     }
  19:src/Print.cpp ****     Riscv::ms_sstatus(sstatus & Riscv::SSTATUS_SIE ? Riscv::SSTATUS_SIE : 0);   //restauriramo stat
  79              		.loc 1 19 5 is_stmt 1
  80              		.loc 1 19 52 is_stmt 0
  81 0048 1B090900 		sext.w	s2,s2
  82              	.LVL5:
  83              		.loc 1 19 22
  84 004c 13792900 		andi	s2,s2,2
  85 0050 1B090900 		sext.w	s2,s2
GAS LISTING /tmp/ccMECSrF.s 			page 6


  86              	.LVL6:
  87              	.LBB18:
  88              	.LBB19:
 165:src/../h/Riscv.hpp **** }
  89              		.loc 2 165 5 is_stmt 1
 165:src/../h/Riscv.hpp **** }
  90              		.loc 2 165 68 is_stmt 0
  91              	#APP
  92              	# 165 "src/../h/Riscv.hpp" 1
  93              		csrs sstatus, s2
  94              	# 0 "" 2
  95              	.LVL7:
  96              	#NO_APP
  97              	.LBE19:
  98              	.LBE18:
  20:src/Print.cpp **** }
  99              		.loc 1 20 1
 100 0058 83308102 		ld	ra,40(sp)
 101              		.cfi_restore 1
 102 005c 03340102 		ld	s0,32(sp)
 103              		.cfi_restore 8
 104              		.cfi_def_cfa 2, 48
 105 0060 83348101 		ld	s1,24(sp)
 106              		.cfi_restore 9
 107              	.LVL8:
 108 0064 03390101 		ld	s2,16(sp)
 109              		.cfi_restore 18
 110 0068 13010103 		addi	sp,sp,48
 111              		.cfi_def_cfa_offset 0
 112 006c 67800000 		jr	ra
 113              		.cfi_endproc
 114              	.LFE16:
 116              		.align	2
 117              		.globl	_Z12printIntegerm
 119              	_Z12printIntegerm:
 120              	.LFB17:
  21:src/Print.cpp **** 
  22:src/Print.cpp **** void printInteger(uint64 integer)
  23:src/Print.cpp **** {
 121              		.loc 1 23 1 is_stmt 1
 122              		.cfi_startproc
 123              	.LVL9:
 124 0070 130101FC 		addi	sp,sp,-64
 125              		.cfi_def_cfa_offset 64
 126 0074 233C1102 		sd	ra,56(sp)
 127 0078 23388102 		sd	s0,48(sp)
 128 007c 23349102 		sd	s1,40(sp)
 129 0080 23302103 		sd	s2,32(sp)
 130              		.cfi_offset 1, -8
 131              		.cfi_offset 8, -16
 132              		.cfi_offset 9, -24
 133              		.cfi_offset 18, -32
 134 0084 13040104 		addi	s0,sp,64
 135              		.cfi_def_cfa 8, 0
  24:src/Print.cpp ****     uint64 sstatus = Riscv::r_sstatus();
 136              		.loc 1 24 5
 137              	.LBB20:
GAS LISTING /tmp/ccMECSrF.s 			page 7


 138              	.LBB21:
 176:src/../h/Riscv.hpp ****     __asm__ volatile ("csrr %[sstatus], sstatus" : [sstatus] "=r"(sstatus));
 139              		.loc 2 176 5
 177:src/../h/Riscv.hpp ****     return sstatus;
 140              		.loc 2 177 5
 177:src/../h/Riscv.hpp ****     return sstatus;
 141              		.loc 2 177 76 is_stmt 0
 142              	#APP
 143              	# 177 "src/../h/Riscv.hpp" 1
 144              		csrr a5, sstatus
 145              	# 0 "" 2
 146              	#NO_APP
 147 008c 2334F4FC 		sd	a5,-56(s0)
 148              		.loc 2 178 5 is_stmt 1
 149              		.loc 2 178 12 is_stmt 0
 150 0090 033984FC 		ld	s2,-56(s0)
 151              	.LVL10:
 152              	.LBE21:
 153              	.LBE20:
  25:src/Print.cpp ****     Riscv::mc_sstatus(Riscv::SSTATUS_SIE);
 154              		.loc 1 25 5 is_stmt 1
 155              	.LBB22:
 156              	.LBB23:
 171:src/../h/Riscv.hpp **** }
 157              		.loc 2 171 5
 171:src/../h/Riscv.hpp **** }
 158              		.loc 2 171 68 is_stmt 0
 159 0094 93072000 		li	a5,2
 160              	#APP
 161              	# 171 "src/../h/Riscv.hpp" 1
 162              		csrc sstatus, a5
 163              	# 0 "" 2
 164              	.LVL11:
 165              	#NO_APP
 166              	.LBE23:
 167              	.LBE22:
  26:src/Print.cpp ****     static char digits[] = "0123456789";
 168              		.loc 1 26 5 is_stmt 1
  27:src/Print.cpp ****     char buf[16];
 169              		.loc 1 27 5
  28:src/Print.cpp ****     int i, neg;
 170              		.loc 1 28 5
  29:src/Print.cpp ****     uint x;
 171              		.loc 1 29 5
  30:src/Print.cpp **** 
  31:src/Print.cpp ****     neg = 0;
 172              		.loc 1 31 5
  32:src/Print.cpp ****     if (integer < 0)
 173              		.loc 1 32 5
  33:src/Print.cpp ****     {
  34:src/Print.cpp ****         neg = 1;
  35:src/Print.cpp ****         x = -integer;
  36:src/Print.cpp ****     } else
  37:src/Print.cpp ****     {
  38:src/Print.cpp ****         x = integer;
 174              		.loc 1 38 9
 175              		.loc 1 38 11 is_stmt 0
GAS LISTING /tmp/ccMECSrF.s 			page 8


 176 009c 1B050500 		sext.w	a0,a0
 177              	.LVL12:
  39:src/Print.cpp ****     }
  40:src/Print.cpp **** 
  41:src/Print.cpp ****     i = 0;
 178              		.loc 1 41 5 is_stmt 1
 179              		.loc 1 41 7 is_stmt 0
 180 00a0 93040000 		li	s1,0
 181              	.LVL13:
 182              	.L6:
  42:src/Print.cpp ****     do
 183              		.loc 1 42 5 is_stmt 1
  43:src/Print.cpp ****     {
  44:src/Print.cpp ****         buf[i++] = digits[x % 10];
 184              		.loc 1 44 9
 185              		.loc 1 44 29 is_stmt 0
 186 00a4 1306A000 		li	a2,10
 187 00a8 3B77C502 		remuw	a4,a0,a2
 188              	.LVL14:
 189              		.loc 1 44 33
 190 00ac 93160702 		slli	a3,a4,32
 191 00b0 93D60602 		srli	a3,a3,32
 192 00b4 17070000 		lla	a4,.LANCHOR0
 192      13070700 
 193 00bc 3307D700 		add	a4,a4,a3
 194 00c0 03470700 		lbu	a4,0(a4)
 195              		.loc 1 44 18
 196 00c4 930604FE 		addi	a3,s0,-32
 197 00c8 B3879600 		add	a5,a3,s1
 198 00cc 9B841400 		addiw	s1,s1,1
 199              	.LVL15:
 200 00d0 2388E7FE 		sb	a4,-16(a5)
  45:src/Print.cpp ****     } while ((x /= 10) != 0);
 201              		.loc 1 45 24 is_stmt 1
 202 00d4 1B070500 		sext.w	a4,a0
 203              		.loc 1 45 17 is_stmt 0
 204 00d8 3B55C502 		divuw	a0,a0,a2
 205              	.LVL16:
 206              		.loc 1 45 24
 207 00dc 93079000 		li	a5,9
 208 00e0 E3E2E7FC 		bgtu	a4,a5,.L6
 209              	.LVL17:
 210              	.L8:
  46:src/Print.cpp ****     if (neg)
  47:src/Print.cpp ****         buf[i++] = '-';
  48:src/Print.cpp **** 
  49:src/Print.cpp ****     while (--i >= 0) { __putc(buf[i]); }
 211              		.loc 1 49 5 is_stmt 1
 212              		.loc 1 49 16
 213 00e4 9B84F4FF 		addiw	s1,s1,-1
 214              	.LVL18:
 215 00e8 63CE0400 		bltz	s1,.L7
 216              		.loc 1 49 24 discriminator 1
 217              		.loc 1 49 30 is_stmt 0 discriminator 1
 218 00ec 930704FE 		addi	a5,s0,-32
 219 00f0 B3879700 		add	a5,a5,s1
 220 00f4 03C507FF 		lbu	a0,-16(a5)
GAS LISTING /tmp/ccMECSrF.s 			page 9


 221 00f8 97000000 		call	__putc@plt
 221      E7800000 
 222              	.LVL19:
 223 0100 6FF05FFE 		j	.L8
 224              	.L7:
  50:src/Print.cpp ****     Riscv::ms_sstatus(sstatus & Riscv::SSTATUS_SIE ? Riscv::SSTATUS_SIE : 0);
 225              		.loc 1 50 5 is_stmt 1
 226              		.loc 1 50 52 is_stmt 0
 227 0104 1B090900 		sext.w	s2,s2
 228              	.LVL20:
 229              		.loc 1 50 22
 230 0108 13792900 		andi	s2,s2,2
 231 010c 1B090900 		sext.w	s2,s2
 232              	.LVL21:
 233              	.LBB24:
 234              	.LBB25:
 165:src/../h/Riscv.hpp **** }
 235              		.loc 2 165 5 is_stmt 1
 165:src/../h/Riscv.hpp **** }
 236              		.loc 2 165 68 is_stmt 0
 237              	#APP
 238              	# 165 "src/../h/Riscv.hpp" 1
 239              		csrs sstatus, s2
 240              	# 0 "" 2
 241              	.LVL22:
 242              	#NO_APP
 243              	.LBE25:
 244              	.LBE24:
  51:src/Print.cpp **** }
 245              		.loc 1 51 1
 246 0114 83308103 		ld	ra,56(sp)
 247              		.cfi_restore 1
 248 0118 03340103 		ld	s0,48(sp)
 249              		.cfi_restore 8
 250              		.cfi_def_cfa 2, 64
 251 011c 83348102 		ld	s1,40(sp)
 252              		.cfi_restore 9
 253 0120 03390102 		ld	s2,32(sp)
 254              		.cfi_restore 18
 255 0124 13010104 		addi	sp,sp,64
 256              		.cfi_def_cfa_offset 0
 257 0128 67800000 		jr	ra
 258              		.cfi_endproc
 259              	.LFE17:
 261              		.section	.rodata
 262              		.align	3
 263              		.set	.LANCHOR0,. + 0
 266              	_ZZ12printIntegermE6digits:
 267 0000 30313233 		.string	"0123456789"
 267      34353637 
 267      383900
 268              		.text
 269              	.Letext0:
 270              		.file 3 "src/../h/../lib/hw.h"
 271              		.file 4 "src/../lib/console.h"
GAS LISTING /tmp/ccMECSrF.s 			page 10


DEFINED SYMBOLS
                            *ABS*:0000000000000000 Print.cpp
     /tmp/ccMECSrF.s:9      .text:0000000000000000 _Z11printStringPKc
     /tmp/ccMECSrF.s:13     .text:0000000000000000 .L0 
     /tmp/ccMECSrF.s:15     .text:0000000000000000 .L0 
     /tmp/ccMECSrF.s:16     .text:0000000000000004 .L0 
     /tmp/ccMECSrF.s:21     .text:0000000000000014 .L0 
     /tmp/ccMECSrF.s:22     .text:0000000000000014 .L0 
     /tmp/ccMECSrF.s:23     .text:0000000000000014 .L0 
     /tmp/ccMECSrF.s:24     .text:0000000000000014 .L0 
     /tmp/ccMECSrF.s:26     .text:0000000000000018 .L0 
     /tmp/ccMECSrF.s:32     .text:000000000000001c .L0 
     /tmp/ccMECSrF.s:33     .text:000000000000001c .L0 
     /tmp/ccMECSrF.s:34     .text:000000000000001c .L0 
  src/../h/Riscv.hpp:177    .text:000000000000001c .L0 
     /tmp/ccMECSrF.s:42     .text:0000000000000024 .L0 
     /tmp/ccMECSrF.s:43     .text:0000000000000024 .L0 
     /tmp/ccMECSrF.s:50     .text:0000000000000028 .L0 
     /tmp/ccMECSrF.s:51     .text:0000000000000028 .L0 
     /tmp/ccMECSrF.s:52     .text:0000000000000028 .L0 
     /tmp/ccMECSrF.s:63     .text:0000000000000030 .L0 
     /tmp/ccMECSrF.s:64     .text:0000000000000030 .L0 
     /tmp/ccMECSrF.s:65     .text:0000000000000030 .L0 
     /tmp/ccMECSrF.s:67     .text:0000000000000034 .L0 
     /tmp/ccMECSrF.s:69     .text:0000000000000038 .L0 
     /tmp/ccMECSrF.s:70     .text:0000000000000038 .L0 
     /tmp/ccMECSrF.s:73     .text:0000000000000040 .L0 
     /tmp/ccMECSrF.s:74     .text:0000000000000040 .L0 
     /tmp/ccMECSrF.s:77     .text:0000000000000044 .L0 
     /tmp/ccMECSrF.s:80     .text:0000000000000048 .L0 
     /tmp/ccMECSrF.s:81     .text:0000000000000048 .L0 
     /tmp/ccMECSrF.s:84     .text:000000000000004c .L0 
     /tmp/ccMECSrF.s:90     .text:0000000000000054 .L0 
  src/../h/Riscv.hpp:165    .text:0000000000000054 .L0 
     /tmp/ccMECSrF.s:100    .text:0000000000000058 .L0 
     /tmp/ccMECSrF.s:101    .text:000000000000005c .L0 
     /tmp/ccMECSrF.s:103    .text:0000000000000060 .L0 
     /tmp/ccMECSrF.s:104    .text:0000000000000060 .L0 
     /tmp/ccMECSrF.s:106    .text:0000000000000064 .L0 
     /tmp/ccMECSrF.s:109    .text:0000000000000068 .L0 
     /tmp/ccMECSrF.s:111    .text:000000000000006c .L0 
     /tmp/ccMECSrF.s:113    .text:0000000000000070 .L0 
     /tmp/ccMECSrF.s:119    .text:0000000000000070 _Z12printIntegerm
     /tmp/ccMECSrF.s:122    .text:0000000000000070 .L0 
     /tmp/ccMECSrF.s:124    .text:0000000000000070 .L0 
     /tmp/ccMECSrF.s:125    .text:0000000000000074 .L0 
     /tmp/ccMECSrF.s:130    .text:0000000000000084 .L0 
     /tmp/ccMECSrF.s:131    .text:0000000000000084 .L0 
     /tmp/ccMECSrF.s:132    .text:0000000000000084 .L0 
     /tmp/ccMECSrF.s:133    .text:0000000000000084 .L0 
     /tmp/ccMECSrF.s:135    .text:0000000000000088 .L0 
     /tmp/ccMECSrF.s:139    .text:0000000000000088 .L0 
     /tmp/ccMECSrF.s:140    .text:0000000000000088 .L0 
     /tmp/ccMECSrF.s:141    .text:0000000000000088 .L0 
  src/../h/Riscv.hpp:177    .text:0000000000000088 .L0 
     /tmp/ccMECSrF.s:149    .text:0000000000000090 .L0 
     /tmp/ccMECSrF.s:150    .text:0000000000000090 .L0 
GAS LISTING /tmp/ccMECSrF.s 			page 11


     /tmp/ccMECSrF.s:157    .text:0000000000000094 .L0 
     /tmp/ccMECSrF.s:158    .text:0000000000000094 .L0 
     /tmp/ccMECSrF.s:159    .text:0000000000000094 .L0 
     /tmp/ccMECSrF.s:169    .text:000000000000009c .L0 
     /tmp/ccMECSrF.s:170    .text:000000000000009c .L0 
     /tmp/ccMECSrF.s:171    .text:000000000000009c .L0 
     /tmp/ccMECSrF.s:172    .text:000000000000009c .L0 
     /tmp/ccMECSrF.s:173    .text:000000000000009c .L0 
     /tmp/ccMECSrF.s:174    .text:000000000000009c .L0 
     /tmp/ccMECSrF.s:175    .text:000000000000009c .L0 
     /tmp/ccMECSrF.s:176    .text:000000000000009c .L0 
     /tmp/ccMECSrF.s:179    .text:00000000000000a0 .L0 
     /tmp/ccMECSrF.s:180    .text:00000000000000a0 .L0 
     /tmp/ccMECSrF.s:184    .text:00000000000000a4 .L0 
     /tmp/ccMECSrF.s:185    .text:00000000000000a4 .L0 
     /tmp/ccMECSrF.s:186    .text:00000000000000a4 .L0 
     /tmp/ccMECSrF.s:190    .text:00000000000000ac .L0 
     /tmp/ccMECSrF.s:196    .text:00000000000000c4 .L0 
     /tmp/ccMECSrF.s:202    .text:00000000000000d4 .L0 
     /tmp/ccMECSrF.s:204    .text:00000000000000d8 .L0 
     /tmp/ccMECSrF.s:207    .text:00000000000000dc .L0 
     /tmp/ccMECSrF.s:212    .text:00000000000000e4 .L0 
     /tmp/ccMECSrF.s:213    .text:00000000000000e4 .L0 
     /tmp/ccMECSrF.s:217    .text:00000000000000ec .L0 
     /tmp/ccMECSrF.s:218    .text:00000000000000ec .L0 
     /tmp/ccMECSrF.s:226    .text:0000000000000104 .L0 
     /tmp/ccMECSrF.s:227    .text:0000000000000104 .L0 
     /tmp/ccMECSrF.s:230    .text:0000000000000108 .L0 
     /tmp/ccMECSrF.s:236    .text:0000000000000110 .L0 
  src/../h/Riscv.hpp:165    .text:0000000000000110 .L0 
     /tmp/ccMECSrF.s:246    .text:0000000000000114 .L0 
     /tmp/ccMECSrF.s:247    .text:0000000000000118 .L0 
     /tmp/ccMECSrF.s:249    .text:000000000000011c .L0 
     /tmp/ccMECSrF.s:250    .text:000000000000011c .L0 
     /tmp/ccMECSrF.s:252    .text:0000000000000120 .L0 
     /tmp/ccMECSrF.s:254    .text:0000000000000124 .L0 
     /tmp/ccMECSrF.s:256    .text:0000000000000128 .L0 
     /tmp/ccMECSrF.s:258    .text:000000000000012c .L0 
     /tmp/ccMECSrF.s:263    .rodata:0000000000000000 .LANCHOR0
     /tmp/ccMECSrF.s:266    .rodata:0000000000000000 _ZZ12printIntegermE6digits
     /tmp/ccMECSrF.s:272    .text:000000000000012c .L0 
     /tmp/ccMECSrF.s:192    .text:00000000000000b4 .L0 
     /tmp/ccMECSrF.s:78     .text:0000000000000048 .L2
     /tmp/ccMECSrF.s:59     .text:0000000000000030 .L3
     /tmp/ccMECSrF.s:182    .text:00000000000000a4 .L6
     /tmp/ccMECSrF.s:224    .text:0000000000000104 .L7
     /tmp/ccMECSrF.s:210    .text:00000000000000e4 .L8
     /tmp/ccMECSrF.s:870    .debug_abbrev:0000000000000000 .Ldebug_abbrev0
     /tmp/ccMECSrF.s:1637   .debug_str:00000000000001ed .LASF67
     /tmp/ccMECSrF.s:1693   .debug_str:000000000000046a .LASF68
     /tmp/ccMECSrF.s:1575   .debug_str:0000000000000039 .LASF69
     /tmp/ccMECSrF.s:5      .text:0000000000000000 .Ltext0
     /tmp/ccMECSrF.s:269    .text:000000000000012c .Letext0
     /tmp/ccMECSrF.s:1563   .debug_line:0000000000000000 .Ldebug_line0
     /tmp/ccMECSrF.s:1651   .debug_str:0000000000000306 .LASF0
     /tmp/ccMECSrF.s:1645   .debug_str:00000000000002cd .LASF3
     /tmp/ccMECSrF.s:1625   .debug_str:00000000000001a7 .LASF1
GAS LISTING /tmp/ccMECSrF.s 			page 12


     /tmp/ccMECSrF.s:1615   .debug_str:0000000000000164 .LASF2
     /tmp/ccMECSrF.s:1589   .debug_str:00000000000000a7 .LASF4
     /tmp/ccMECSrF.s:1621   .debug_str:000000000000018d .LASF5
     /tmp/ccMECSrF.s:1573   .debug_str:0000000000000032 .LASF6
     /tmp/ccMECSrF.s:1567   .debug_str:0000000000000013 .LASF7
     /tmp/ccMECSrF.s:1607   .debug_str:000000000000011a .LASF8
     /tmp/ccMECSrF.s:1665   .debug_str:000000000000035d .LASF9
     /tmp/ccMECSrF.s:1585   .debug_str:0000000000000094 .LASF10
     /tmp/ccMECSrF.s:1713   .debug_str:00000000000004f6 .LASF11
     /tmp/ccMECSrF.s:1611   .debug_str:0000000000000140 .LASF12
     /tmp/ccMECSrF.s:1699   .debug_str:0000000000000490 .LASF13
     /tmp/ccMECSrF.s:1677   .debug_str:00000000000003d7 .LASF14
     /tmp/ccMECSrF.s:1627   .debug_str:00000000000001ba .LASF15
     /tmp/ccMECSrF.s:1597   .debug_str:00000000000000db .LASF16
     /tmp/ccMECSrF.s:1669   .debug_str:000000000000037f .LASF17
     /tmp/ccMECSrF.s:1599   .debug_str:00000000000000f1 .LASF70
     /tmp/ccMECSrF.s:1701   .debug_str:00000000000004a0 .LASF71
     /tmp/ccMECSrF.s:1663   .debug_str:0000000000000351 .LASF18
     /tmp/ccMECSrF.s:1631   .debug_str:00000000000001ce .LASF19
     /tmp/ccMECSrF.s:1685   .debug_str:0000000000000433 .LASF20
     /tmp/ccMECSrF.s:1633   .debug_str:00000000000001db .LASF53
     /tmp/ccMECSrF.s:1689   .debug_str:000000000000044a .LASF55
     /tmp/ccMECSrF.s:1639   .debug_str:00000000000002b1 .LASF21
     /tmp/ccMECSrF.s:1605   .debug_str:0000000000000105 .LASF23
     /tmp/ccMECSrF.s:1641   .debug_str:00000000000002ba .LASF25
     /tmp/ccMECSrF.s:1591   .debug_str:00000000000000ae .LASF27
     /tmp/ccMECSrF.s:1655   .debug_str:000000000000031b .LASF22
     /tmp/ccMECSrF.s:1619   .debug_str:000000000000017a .LASF24
     /tmp/ccMECSrF.s:1603   .debug_str:00000000000000fe .LASF26
     /tmp/ccMECSrF.s:1609   .debug_str:000000000000012d .LASF28
     /tmp/ccMECSrF.s:1653   .debug_str:0000000000000313 .LASF29
     /tmp/ccMECSrF.s:1683   .debug_str:000000000000041f .LASF30
     /tmp/ccMECSrF.s:1623   .debug_str:000000000000019f .LASF31
     /tmp/ccMECSrF.s:1661   .debug_str:000000000000033d .LASF32
     /tmp/ccMECSrF.s:1691   .debug_str:0000000000000462 .LASF33
     /tmp/ccMECSrF.s:1581   .debug_str:000000000000007a .LASF34
     /tmp/ccMECSrF.s:1617   .debug_str:0000000000000172 .LASF35
     /tmp/ccMECSrF.s:1675   .debug_str:00000000000003c3 .LASF36
     /tmp/ccMECSrF.s:1707   .debug_str:00000000000004d4 .LASF37
     /tmp/ccMECSrF.s:1565   .debug_str:0000000000000000 .LASF38
     /tmp/ccMECSrF.s:1577   .debug_str:0000000000000069 .LASF39
     /tmp/ccMECSrF.s:1659   .debug_str:000000000000032a .LASF40
     /tmp/ccMECSrF.s:1697   .debug_str:000000000000048a .LASF41
     /tmp/ccMECSrF.s:1667   .debug_str:000000000000036d .LASF42
     /tmp/ccMECSrF.s:1583   .debug_str:000000000000008e .LASF43
     /tmp/ccMECSrF.s:1695   .debug_str:0000000000000478 .LASF44
     /tmp/ccMECSrF.s:1687   .debug_str:000000000000043f .LASF45
     /tmp/ccMECSrF.s:1647   .debug_str:00000000000002d2 .LASF46
     /tmp/ccMECSrF.s:1593   .debug_str:00000000000000c3 .LASF47
     /tmp/ccMECSrF.s:1671   .debug_str:0000000000000395 .LASF48
     /tmp/ccMECSrF.s:1643   .debug_str:00000000000002c3 .LASF49
     /tmp/ccMECSrF.s:1673   .debug_str:00000000000003ad .LASF50
     /tmp/ccMECSrF.s:1579   .debug_str:0000000000000070 .LASF51
     /tmp/ccMECSrF.s:1681   .debug_str:0000000000000409 .LASF52
     /tmp/ccMECSrF.s:1709   .debug_str:00000000000004db .LASF54
     /tmp/ccMECSrF.s:1649   .debug_str:00000000000002ea .LASF56
     /tmp/ccMECSrF.s:1613   .debug_str:000000000000014f .LASF72
GAS LISTING /tmp/ccMECSrF.s 			page 13


     /tmp/ccMECSrF.s:1679   .debug_str:00000000000003e7 .LASF73
     /tmp/ccMECSrF.s:1595   .debug_str:00000000000000ce .LASF60
     /tmp/ccMECSrF.s:1705   .debug_str:00000000000004c2 .LASF62
     /tmp/ccMECSrF.s:120    .text:0000000000000070 .LFB17
     /tmp/ccMECSrF.s:259    .text:000000000000012c .LFE17
     /tmp/ccMECSrF.s:1629   .debug_str:00000000000001c6 .LASF64
     /tmp/ccMECSrF.s:1437   .debug_loc:0000000000000000 .LLST4
     /tmp/ccMECSrF.s:1657   .debug_str:0000000000000322 .LASF57
     /tmp/ccMECSrF.s:1451   .debug_loc:0000000000000039 .LLST5
     /tmp/ccMECSrF.s:1571   .debug_str:000000000000002b .LASF58
     /tmp/ccMECSrF.s:1458   .debug_loc:000000000000005c .LLST6
     /tmp/ccMECSrF.s:1480   .debug_loc:00000000000000bb .LLST7
     /tmp/ccMECSrF.s:137    .text:0000000000000088 .LBB20
     /tmp/ccMECSrF.s:153    .text:0000000000000094 .LBE20
     /tmp/ccMECSrF.s:155    .text:0000000000000094 .LBB22
     /tmp/ccMECSrF.s:167    .text:000000000000009c .LBE22
     /tmp/ccMECSrF.s:1502   .debug_loc:00000000000000fc .LLST8
     /tmp/ccMECSrF.s:233    .text:0000000000000110 .LBB24
     /tmp/ccMECSrF.s:244    .text:0000000000000114 .LBE24
     /tmp/ccMECSrF.s:1510   .debug_loc:0000000000000120 .LLST9
     /tmp/ccMECSrF.s:222    .text:0000000000000100 .LVL19
     /tmp/ccMECSrF.s:1569   .debug_str:0000000000000026 .LASF59
     /tmp/ccMECSrF.s:1711   .debug_str:00000000000004ea .LASF61
     /tmp/ccMECSrF.s:1703   .debug_str:00000000000004af .LASF63
     /tmp/ccMECSrF.s:10     .text:0000000000000000 .LFB16
     /tmp/ccMECSrF.s:114    .text:0000000000000070 .LFE16
     /tmp/ccMECSrF.s:1601   .debug_str:00000000000000f7 .LASF65
     /tmp/ccMECSrF.s:1517   .debug_loc:0000000000000143 .LLST0
     /tmp/ccMECSrF.s:1528   .debug_loc:0000000000000179 .LLST1
     /tmp/ccMECSrF.s:29     .text:000000000000001c .LBB14
     /tmp/ccMECSrF.s:46     .text:0000000000000028 .LBE14
     /tmp/ccMECSrF.s:48     .text:0000000000000028 .LBB16
     /tmp/ccMECSrF.s:61     .text:0000000000000030 .LBE16
     /tmp/ccMECSrF.s:1535   .debug_loc:000000000000019c .LLST2
     /tmp/ccMECSrF.s:87     .text:0000000000000054 .LBB18
     /tmp/ccMECSrF.s:98     .text:0000000000000058 .LBE18
     /tmp/ccMECSrF.s:1543   .debug_loc:00000000000001c0 .LLST3
     /tmp/ccMECSrF.s:71     .text:0000000000000040 .LVL3
     /tmp/ccMECSrF.s:1587   .debug_str:00000000000000a2 .LASF66
     /tmp/ccMECSrF.s:1635   .debug_str:00000000000001e6 .LASF74
     /tmp/ccMECSrF.s:123    .text:0000000000000070 .LVL9
     /tmp/ccMECSrF.s:177    .text:00000000000000a0 .LVL12
     /tmp/ccMECSrF.s:151    .text:0000000000000094 .LVL10
     /tmp/ccMECSrF.s:228    .text:0000000000000108 .LVL20
     /tmp/ccMECSrF.s:181    .text:00000000000000a4 .LVL13
     /tmp/ccMECSrF.s:188    .text:00000000000000ac .LVL14
     /tmp/ccMECSrF.s:199    .text:00000000000000d0 .LVL15
     /tmp/ccMECSrF.s:209    .text:00000000000000e4 .LVL17
     /tmp/ccMECSrF.s:214    .text:00000000000000e8 .LVL18
     /tmp/ccMECSrF.s:205    .text:00000000000000dc .LVL16
     /tmp/ccMECSrF.s:164    .text:000000000000009c .LVL11
     /tmp/ccMECSrF.s:232    .text:0000000000000110 .LVL21
     /tmp/ccMECSrF.s:241    .text:0000000000000114 .LVL22
     /tmp/ccMECSrF.s:14     .text:0000000000000000 .LVL0
     /tmp/ccMECSrF.s:57     .text:0000000000000030 .LVL2
     /tmp/ccMECSrF.s:107    .text:0000000000000064 .LVL8
     /tmp/ccMECSrF.s:44     .text:0000000000000028 .LVL1
GAS LISTING /tmp/ccMECSrF.s 			page 14


     /tmp/ccMECSrF.s:82     .text:000000000000004c .LVL5
     /tmp/ccMECSrF.s:86     .text:0000000000000054 .LVL6
     /tmp/ccMECSrF.s:95     .text:0000000000000058 .LVL7
     /tmp/ccMECSrF.s:273    .debug_info:0000000000000000 .Ldebug_info0

UNDEFINED SYMBOLS
__putc
